This is pdfTeX, Version 3.14159265-2.6-1.40.19 (MiKTeX 2.9.6630 64-bit) (preloaded format=pdflatex 2018.3.15)  26 MAR 2018 19:46
entering extended mode
**./Iteration_2.tex
(Iteration_2.tex
LaTeX2e <2017-04-15>
Babel <3.18> and hyphenation patterns for 75 language(s) loaded.
("e:\MiKTeX 2.9\tex\latex\base\article.cls"
Document Class: article 2014/09/29 v1.4h Standard LaTeX document class
("e:\MiKTeX 2.9\tex\latex\base\size12.clo"
File: size12.clo 2014/09/29 v1.4h Standard LaTeX file (size option)
)
\c@part=\count79
\c@section=\count80
\c@subsection=\count81
\c@subsubsection=\count82
\c@paragraph=\count83
\c@subparagraph=\count84
\c@figure=\count85
\c@table=\count86
\abovecaptionskip=\skip41
\belowcaptionskip=\skip42
\bibindent=\dimen102
)
("e:\MiKTeX 2.9\tex\latex\float\float.sty"
Package: float 2001/11/08 v1.3d Float enhancements (AL)
\c@float@type=\count87
\float@exts=\toks14
\float@box=\box26
\@float@everytoks=\toks15
\@floatcapt=\box27
)
("e:\MiKTeX 2.9\tex\latex\graphics\graphicx.sty"
Package: graphicx 2017/06/01 v1.1a Enhanced LaTeX Graphics (DPC,SPQR)

("e:\MiKTeX 2.9\tex\latex\graphics\keyval.sty"
Package: keyval 2014/10/28 v1.15 key=value parser (DPC)
\KV@toks@=\toks16
)
("e:\MiKTeX 2.9\tex\latex\graphics\graphics.sty"
Package: graphics 2017/06/25 v1.2c Standard LaTeX Graphics (DPC,SPQR)

("e:\MiKTeX 2.9\tex\latex\graphics\trig.sty"
Package: trig 2016/01/03 v1.10 sin cos tan (DPC)
)
("e:\MiKTeX 2.9\tex\latex\graphics-cfg\graphics.cfg"
File: graphics.cfg 2016/06/04 v1.11 sample graphics configuration
)
Package graphics Info: Driver file: pdftex.def on input line 99.

("e:\MiKTeX 2.9\tex\latex\graphics-def\pdftex.def"
File: pdftex.def 2018/01/08 v1.0l Graphics/color driver for pdftex
))
\Gin@req@height=\dimen103
\Gin@req@width=\dimen104
)
("E:\Program Files\MiKTeX 2.9\tex\latex\caption\caption.sty"
Package: caption 2016/02/21 v3.3-144 Customizing captions (AR)

("E:\Program Files\MiKTeX 2.9\tex\latex\caption\caption3.sty"
Package: caption3 2016/05/22 v1.7-166 caption3 kernel (AR)
Package caption3 Info: TeX engine: e-TeX on input line 67.
\captionmargin=\dimen105
\captionmargin@=\dimen106
\captionwidth=\dimen107
\caption@tempdima=\dimen108
\caption@indent=\dimen109
\caption@parindent=\dimen110
\caption@hangindent=\dimen111
)
\c@ContinuedFloat=\count88
Package caption Info: float package is loaded.
)
("E:\Program Files\MiKTeX 2.9\tex\latex\xcolor\xcolor.sty"
Package: xcolor 2016/05/11 v2.12 LaTeX color extensions (UK)

("e:\MiKTeX 2.9\tex\latex\graphics-cfg\color.cfg"
File: color.cfg 2016/01/02 v1.6 sample color configuration
)
Package xcolor Info: Driver file: pdftex.def on input line 225.
Package xcolor Info: Model `cmy' substituted by `cmy0' on input line 1348.
Package xcolor Info: Model `hsb' substituted by `rgb' on input line 1352.
Package xcolor Info: Model `RGB' extended on input line 1364.
Package xcolor Info: Model `HTML' substituted by `rgb' on input line 1366.
Package xcolor Info: Model `Hsb' substituted by `hsb' on input line 1367.
Package xcolor Info: Model `tHsb' substituted by `hsb' on input line 1368.
Package xcolor Info: Model `HSB' substituted by `hsb' on input line 1369.
Package xcolor Info: Model `Gray' substituted by `gray' on input line 1370.
Package xcolor Info: Model `wave' substituted by `hsb' on input line 1371.
)
("e:\MiKTeX 2.9\tex\latex\hyperref\hyperref.sty"
Package: hyperref 2018/02/06 v6.86b Hypertext links for LaTeX

("e:\MiKTeX 2.9\tex\generic\oberdiek\hobsub-hyperref.sty"
Package: hobsub-hyperref 2016/05/16 v1.14 Bundle oberdiek, subset hyperref (HO)


("e:\MiKTeX 2.9\tex\generic\oberdiek\hobsub-generic.sty"
Package: hobsub-generic 2016/05/16 v1.14 Bundle oberdiek, subset generic (HO)
Package: hobsub 2016/05/16 v1.14 Construct package bundles (HO)
Package: infwarerr 2016/05/16 v1.4 Providing info/warning/error messages (HO)
Package: ltxcmds 2016/05/16 v1.23 LaTeX kernel commands for general use (HO)
Package: ifluatex 2016/05/16 v1.4 Provides the ifluatex switch (HO)
Package ifluatex Info: LuaTeX not detected.
Package: ifvtex 2016/05/16 v1.6 Detect VTeX and its facilities (HO)
Package ifvtex Info: VTeX not detected.
Package: intcalc 2016/05/16 v1.2 Expandable calculations with integers (HO)
Package: ifpdf 2017/03/15 v3.2 Provides the ifpdf switch
Package: etexcmds 2016/05/16 v1.6 Avoid name clashes with e-TeX commands (HO)
Package etexcmds Info: Could not find \expanded.
(etexcmds)             That can mean that you are not using pdfTeX 1.50 or
(etexcmds)             that some package has redefined \expanded.
(etexcmds)             In the latter case, load this package earlier.
Package: kvsetkeys 2016/05/16 v1.17 Key value parser (HO)
Package: kvdefinekeys 2016/05/16 v1.4 Define keys (HO)
Package: pdftexcmds 2018/01/21 v0.26 Utility functions of pdfTeX for LuaTeX (HO
)
Package pdftexcmds Info: LuaTeX not detected.
Package pdftexcmds Info: \pdf@primitive is available.
Package pdftexcmds Info: \pdf@ifprimitive is available.
Package pdftexcmds Info: \pdfdraftmode found.
Package: pdfescape 2016/05/16 v1.14 Implements pdfTeX's escape features (HO)
Package: bigintcalc 2016/05/16 v1.4 Expandable calculations on big integers (HO
)
Package: bitset 2016/05/16 v1.2 Handle bit-vector datatype (HO)
Package: uniquecounter 2016/05/16 v1.3 Provide unlimited unique counter (HO)
)
Package hobsub Info: Skipping package `hobsub' (already loaded).
Package: letltxmacro 2016/05/16 v1.5 Let assignment for LaTeX macros (HO)
Package: hopatch 2016/05/16 v1.3 Wrapper for package hooks (HO)
Package: xcolor-patch 2016/05/16 xcolor patch
Package: atveryend 2016/05/16 v1.9 Hooks at the very end of document (HO)
Package atveryend Info: \enddocument detected (standard20110627).
Package: atbegshi 2016/06/09 v1.18 At begin shipout hook (HO)
Package: refcount 2016/05/16 v3.5 Data extraction from label references (HO)
Package: hycolor 2016/05/16 v1.8 Color options for hyperref/bookmark (HO)
)
("e:\MiKTeX 2.9\tex\generic\ifxetex\ifxetex.sty"
Package: ifxetex 2010/09/12 v0.6 Provides ifxetex conditional
)
("e:\MiKTeX 2.9\tex\latex\oberdiek\auxhook.sty"
Package: auxhook 2016/05/16 v1.4 Hooks for auxiliary files (HO)
)
("e:\MiKTeX 2.9\tex\latex\oberdiek\kvoptions.sty"
Package: kvoptions 2016/05/16 v3.12 Key value format for package options (HO)
)
\@linkdim=\dimen112
\Hy@linkcounter=\count89
\Hy@pagecounter=\count90

("e:\MiKTeX 2.9\tex\latex\hyperref\pd1enc.def"
File: pd1enc.def 2018/02/06 v6.86b Hyperref: PDFDocEncoding definition (HO)
)
\Hy@SavedSpaceFactor=\count91

("e:\MiKTeX 2.9\tex\latex\00miktex\hyperref.cfg"
File: hyperref.cfg 2002/06/06 v1.2 hyperref configuration of TeXLive
)
Package hyperref Info: Hyper figures OFF on input line 4509.
Package hyperref Info: Link nesting OFF on input line 4514.
Package hyperref Info: Hyper index ON on input line 4517.
Package hyperref Info: Plain pages OFF on input line 4524.
Package hyperref Info: Backreferencing OFF on input line 4529.
Package hyperref Info: Implicit mode ON; LaTeX internals redefined.
Package hyperref Info: Bookmarks ON on input line 4762.
\c@Hy@tempcnt=\count92

("E:\Program Files\MiKTeX 2.9\tex\latex\url\url.sty"
\Urlmuskip=\muskip10
Package: url 2013/09/16  ver 3.4  Verb mode for urls, etc.
)
LaTeX Info: Redefining \url on input line 5115.
\XeTeXLinkMargin=\dimen113
\Fld@menulength=\count93
\Field@Width=\dimen114
\Fld@charsize=\dimen115
Package hyperref Info: Hyper figures OFF on input line 6369.
Package hyperref Info: Link nesting OFF on input line 6374.
Package hyperref Info: Hyper index ON on input line 6377.
Package hyperref Info: backreferencing OFF on input line 6384.
Package hyperref Info: Link coloring OFF on input line 6389.
Package hyperref Info: Link coloring with OCG OFF on input line 6394.
Package hyperref Info: PDF/A mode OFF on input line 6399.
LaTeX Info: Redefining \ref on input line 6439.
LaTeX Info: Redefining \pageref on input line 6443.
\Hy@abspage=\count94
\c@Item=\count95
\c@Hfootnote=\count96
)
Package hyperref Info: Driver (autodetected): hpdftex.

("e:\MiKTeX 2.9\tex\latex\hyperref\hpdftex.def"
File: hpdftex.def 2018/02/06 v6.86b Hyperref driver for pdfTeX
\Fld@listcount=\count97
\c@bookmark@seq@number=\count98

("e:\MiKTeX 2.9\tex\latex\oberdiek\rerunfilecheck.sty"
Package: rerunfilecheck 2016/05/16 v1.8 Rerun checks for auxiliary files (HO)
Package uniquecounter Info: New unique counter `rerunfilecheck' on input line 2
82.
)
\Hy@SectionHShift=\skip43
) (Iteration_2.aux)
\openout1 = `Iteration_2.aux'.

LaTeX Font Info:    Checking defaults for OML/cmm/m/it on input line 27.
LaTeX Font Info:    ... okay on input line 27.
LaTeX Font Info:    Checking defaults for T1/cmr/m/n on input line 27.
LaTeX Font Info:    ... okay on input line 27.
LaTeX Font Info:    Checking defaults for OT1/cmr/m/n on input line 27.
LaTeX Font Info:    ... okay on input line 27.
LaTeX Font Info:    Checking defaults for OMS/cmsy/m/n on input line 27.
LaTeX Font Info:    ... okay on input line 27.
LaTeX Font Info:    Checking defaults for OMX/cmex/m/n on input line 27.
LaTeX Font Info:    ... okay on input line 27.
LaTeX Font Info:    Checking defaults for U/cmr/m/n on input line 27.
LaTeX Font Info:    ... okay on input line 27.
LaTeX Font Info:    Checking defaults for PD1/pdf/m/n on input line 27.
LaTeX Font Info:    ... okay on input line 27.

("E:\Program Files\MiKTeX 2.9\tex\context\base\supp-pdf.mkii"
[Loading MPS to PDF converter (version 2006.09.02).]
\scratchcounter=\count99
\scratchdimen=\dimen116
\scratchbox=\box28
\nofMPsegments=\count100
\nofMParguments=\count101
\everyMPshowfont=\toks17
\MPscratchCnt=\count102
\MPscratchDim=\dimen117
\MPnumerator=\count103
\makeMPintoPDFobject=\count104
\everyMPtoPDFconversion=\toks18
) ("e:\MiKTeX 2.9\tex\latex\oberdiek\epstopdf-base.sty"
Package: epstopdf-base 2016/05/15 v2.6 Base part for package epstopdf

("e:\MiKTeX 2.9\tex\latex\oberdiek\grfext.sty"
Package: grfext 2016/05/16 v1.2 Manage graphics extensions (HO)
)
Package epstopdf-base Info: Redefining graphics rule for `.eps' on input line 4
38.
Package grfext Info: Graphics extension search list:
(grfext)             [.pdf,.png,.jpg,.mps,.jpeg,.jbig2,.jb2,.PDF,.PNG,.JPG,.JPE
G,.JBIG2,.JB2,.eps]
(grfext)             \AppendGraphicsExtensions on input line 456.
)
Package caption Info: Begin \AtBeginDocument code.
Package caption Info: hyperref package is loaded.
Package caption Info: End \AtBeginDocument code.
\AtBeginShipoutBox=\box29
Package hyperref Info: Link coloring OFF on input line 27.

("e:\MiKTeX 2.9\tex\latex\hyperref\nameref.sty"
Package: nameref 2016/05/21 v2.44 Cross-referencing by name of section

("e:\MiKTeX 2.9\tex\generic\oberdiek\gettitlestring.sty"
Package: gettitlestring 2016/05/16 v1.5 Cleanup title references (HO)
)
\c@section@level=\count105
)
LaTeX Info: Redefining \ref on input line 27.
LaTeX Info: Redefining \pageref on input line 27.
LaTeX Info: Redefining \nameref on input line 27.
 (Iteration_2.out)
(Iteration_2.out)
\@outlinefile=\write3
\openout3 = `Iteration_2.out'.

LaTeX Font Info:    External font `cmex10' loaded for size
(Font)              <12> on input line 45.
LaTeX Font Info:    External font `cmex10' loaded for size
(Font)              <8> on input line 45.
LaTeX Font Info:    External font `cmex10' loaded for size
(Font)              <6> on input line 45.
 [1

{C:/Users/Pierre-André/AppData/Local/MiKTeX/2.9/pdftex/config/pdftex.map}] (It
eration_2.toc)
\tf@toc=\write4
\openout4 = `Iteration_2.toc'.

 [2

] (Iteration_2.lof)
\tf@lof=\write5
\openout5 = `Iteration_2.lof'.

 [3

]
Underfull \hbox (badness 10000) in paragraph at lines 71--73

 []

[4

]
<diagrams/UML/MVC.png, id=196, 763.85374pt x 583.17876pt>
File: diagrams/UML/MVC.png Graphic file (type png)
<use diagrams/UML/MVC.png>
Package pdftex.def Info: diagrams/UML/MVC.png  used on input line 84.
(pdftex.def)             Requested size: 455.23874pt x 347.56073pt.


Package caption Warning: \captionsetup{type*=...} or \captionof
(caption)                outside box or environment on input line 85.
See the caption package documentation for explanation.


Package caption Warning: The option `hypcap=true' will be ignored for this
(caption)                particular \caption on input line 85.
See the caption package documentation for explanation.


Underfull \hbox (badness 10000) in paragraph at lines 86--87

 []

<diagrams/UML/Subsystem.png, id=198, 496.85625pt x 347.79938pt>
File: diagrams/UML/Subsystem.png Graphic file (type png)
<use diagrams/UML/Subsystem.png>
Package pdftex.def Info: diagrams/UML/Subsystem.png  used on input line 94.
(pdftex.def)             Requested size: 455.24826pt x 318.67378pt.

Package caption Warning: The option `hypcap=true' will be ignored for this
(caption)                particular \caption on input line 95.
See the caption package documentation for explanation.

[5 <./diagrams/UML/MVC.png>]
Underfull \hbox (badness 10000) in paragraph at lines 98--99

 []

LaTeX Font Info:    Try loading font information for OMS+cmr on input line 102.

("e:\MiKTeX 2.9\tex\latex\base\omscmr.fd"
File: omscmr.fd 2014/09/29 v2.5h Standard LaTeX font definitions
)
LaTeX Font Info:    Font shape `OMS/cmr/m/n' in size <12> not available
(Font)              Font shape `OMS/cmsy/m/n' tried instead on input line 102.
 [6 <./diagrams/UML/Subsystem.png>]
Underfull \hbox (badness 10000) in paragraph at lines 113--114

 []


Underfull \hbox (badness 10000) in paragraph at lines 120--121

 []

[7] [8] [9]
<Diagrams/UML/Types.png, id=223, 698.61pt x 781.92125pt>
File: Diagrams/UML/Types.png Graphic file (type png)
<use Diagrams/UML/Types.png>
Package pdftex.def Info: Diagrams/UML/Types.png  used on input line 178.
(pdftex.def)             Requested size: 455.25305pt x 509.54329pt.


Package caption Warning: The option `hypcap=true' will be ignored for this
(caption)                particular \caption on input line 179.
See the caption package documentation for explanation.


Underfull \hbox (badness 10000) in paragraph at lines 176--179

 []

[10 <./Diagrams/UML/Types.png (PNG copy)>]
Underfull \hbox (badness 10000) in paragraph at lines 182--183

 []


Underfull \hbox (badness 10000) in paragraph at lines 184--185

 []


Underfull \hbox (badness 10000) in paragraph at lines 186--191

 []

<Diagrams/UML/Model.png, id=232, 1342.01375pt x 1518.67375pt>
File: Diagrams/UML/Model.png Graphic file (type png)
<use Diagrams/UML/Model.png>
Package pdftex.def Info: Diagrams/UML/Model.png  used on input line 196.
(pdftex.def)             Requested size: 455.2343pt x 515.16042pt.

Package caption Warning: The option `hypcap=true' will be ignored for this
(caption)                particular \caption on input line 197.
See the caption package documentation for explanation.

[11] [12 <./Diagrams/UML/Model.png (PNG copy)>]
Underfull \hbox (badness 10000) in paragraph at lines 200--201

 []


Underfull \hbox (badness 10000) in paragraph at lines 202--203

 []


Underfull \hbox (badness 10000) in paragraph at lines 206--218

 []


Underfull \hbox (badness 10000) in paragraph at lines 206--218

 []


Underfull \hbox (badness 10000) in paragraph at lines 206--218

 []

<Diagrams/UML/View.png, id=250, 1347.0325pt x 1593.955pt>
File: Diagrams/UML/View.png Graphic file (type png)
<use Diagrams/UML/View.png>
Package pdftex.def Info: Diagrams/UML/View.png  used on input line 223.
(pdftex.def)             Requested size: 455.25131pt x 538.70274pt.

Package caption Warning: The option `hypcap=true' will be ignored for this
(caption)                particular \caption on input line 224.
See the caption package documentation for explanation.

[13] [14 <./Diagrams/UML/View.png (PNG copy)>]
Underfull \hbox (badness 10000) in paragraph at lines 227--228

 []


Underfull \hbox (badness 10000) in paragraph at lines 231--240

 []


Underfull \hbox (badness 10000) in paragraph at lines 231--240

 []

<Diagrams/UML/Controller.png, id=267, 794.97pt x 556.0775pt>
File: Diagrams/UML/Controller.png Graphic file (type png)
<use Diagrams/UML/Controller.png>
Package pdftex.def Info: Diagrams/UML/Controller.png  used on input line 245.
(pdftex.def)             Requested size: 455.2604pt x 318.45235pt.

Package caption Warning: The option `hypcap=true' will be ignored for this
(caption)                particular \caption on input line 246.
See the caption package documentation for explanation.

[15]
Underfull \hbox (badness 10000) in paragraph at lines 252--255

 []

[16 <./Diagrams/UML/Controller.png (PNG copy)>]
<diagrams/sequence/addAccount.png, id=280, 716.6775pt x 643.40375pt>
File: diagrams/sequence/addAccount.png Graphic file (type png)
<use diagrams/sequence/addAccount.png>
Package pdftex.def Info: diagrams/sequence/addAccount.png  used on input line 2
63.
(pdftex.def)             Requested size: 455.2492pt x 408.7041pt.


Package caption Warning: The option `hypcap=true' will be ignored for this
(caption)                particular \caption on input line 264.
See the caption package documentation for explanation.


Underfull \hbox (badness 10000) in paragraph at lines 261--264

 []

[17]
<diagrams/sequence/updateAccount.png, id=286, 717.68124pt x 756.8275pt>
File: diagrams/sequence/updateAccount.png Graphic file (type png)
<use diagrams/sequence/updateAccount.png>
Package pdftex.def Info: diagrams/sequence/updateAccount.png  used on input lin
e 270.
(pdftex.def)             Requested size: 455.25163pt x 480.08356pt.


Package caption Warning: The option `hypcap=true' will be ignored for this
(caption)                particular \caption on input line 271.
See the caption package documentation for explanation.


Underfull \hbox (badness 10000) in paragraph at lines 268--271

 []

[18 <./diagrams/sequence/addAccount.png (PNG copy)>]
<diagrams/sequence/deleteAccount.png, id=291, 665.48625pt x 301.125pt>
File: diagrams/sequence/deleteAccount.png Graphic file (type png)
<use diagrams/sequence/deleteAccount.png>
Package pdftex.def Info: diagrams/sequence/deleteAccount.png  used on input lin
e 277.
(pdftex.def)             Requested size: 455.24606pt x 205.99368pt.


Package caption Warning: The option `hypcap=true' will be ignored for this
(caption)                particular \caption on input line 278.
See the caption package documentation for explanation.


Underfull \hbox (badness 10000) in paragraph at lines 275--278

 []

[19 <./diagrams/sequence/updateAccount.png (PNG copy)>]
<diagrams/sequence/importHighLevel.png, id=298, 740.7675pt x 314.17375pt>
File: diagrams/sequence/importHighLevel.png Graphic file (type png)
<use diagrams/sequence/importHighLevel.png>
Package pdftex.def Info: diagrams/sequence/importHighLevel.png  used on input l
ine 284.
(pdftex.def)             Requested size: 455.24716pt x 193.07907pt.


Package caption Warning: The option `hypcap=true' will be ignored for this
(caption)                particular \caption on input line 285.
See the caption package documentation for explanation.


Underfull \hbox (badness 10000) in paragraph at lines 282--285

 []

[20 <./diagrams/sequence/deleteAccount.png (PNG copy)> <./diagrams/sequence/imp
ortHighLevel.png (PNG copy)>]
Underfull \hbox (badness 10000) in paragraph at lines 292--293

 []


Underfull \hbox (badness 2762) in paragraph at lines 294--295
[]\OT1/cmr/m/n/12 After the [][][][][][] method is called, the [][][][][][] cre
-ates an
 []


Underfull \hbox (badness 1189) in paragraph at lines 294--295
[][][][][][] \OT1/cmr/m/n/12 ob-ject (linked HashMap with keys and val-ues of t
ype String) to
 []


Underfull \hbox (badness 10000) in paragraph at lines 294--295

 []


Underfull \hbox (badness 10000) in paragraph at lines 296--297

 []

<diagrams/sequence/addAccountImp.png, id=303, 976.64874pt x 637.38126pt>
File: diagrams/sequence/addAccountImp.png Graphic file (type png)
<use diagrams/sequence/addAccountImp.png>
Package pdftex.def Info: diagrams/sequence/addAccountImp.png  used on input lin
e 300.
(pdftex.def)             Requested size: 455.23976pt x 297.09892pt.

Package caption Warning: The option `hypcap=true' will be ignored for this
(caption)                particular \caption on input line 301.
See the caption package documentation for explanation.


Underfull \hbox (badness 10000) in paragraph at lines 298--301

 []

[21] [22 <./diagrams/sequence/addAccountImp.png (PNG copy)>]
Underfull \hbox (badness 10000) in paragraph at lines 306--307

 []

<diagrams/sequence/importLowLevel.png, id=312, 1026.83624pt x 772.8875pt>
File: diagrams/sequence/importLowLevel.png Graphic file (type png)
<use diagrams/sequence/importLowLevel.png>
Package pdftex.def Info: diagrams/sequence/importLowLevel.png  used on input li
ne 310.
(pdftex.def)             Requested size: 455.24069pt x 342.65428pt.

Package caption Warning: The option `hypcap=true' will be ignored for this
(caption)                particular \caption on input line 311.
See the caption package documentation for explanation.


Underfull \hbox (badness 10000) in paragraph at lines 308--311

 []

Package atveryend Info: Empty hook `BeforeClearDocument' on input line 315.
[23 <./diagrams/sequence/importLowLevel.png (PNG copy)>]
Package atveryend Info: Empty hook `AfterLastShipout' on input line 315.
 (Iteration_2.aux)
Package atveryend Info: Executing hook `AtVeryEndDocument' on input line 315.
Package atveryend Info: Executing hook `AtEndAfterFileList' on input line 315.
Package rerunfilecheck Info: File `Iteration_2.out' has not changed.
(rerunfilecheck)             Checksum: 9D733AD5E6827536EB2E8E31A6A5B8C9;2107.
Package atveryend Info: Empty hook `AtVeryVeryEnd' on input line 315.
 ) 
Here is how much of TeX's memory you used:
 6726 strings out of 493305
 101921 string characters out of 3141010
 189656 words of memory out of 3000000
 10159 multiletter control sequences out of 15000+200000
 8671 words of font info for 31 fonts, out of 3000000 for 9000
 1141 hyphenation exceptions out of 8191
 36i,8n,39p,733b,404s stack positions out of 5000i,500n,10000p,200000b,50000s
<e:/MiKTeX 2.9/fonts/type1/public/amsfonts/cm/cmbx10.pfb><e:/MiKTeX 2.9/fonts
/type1/public/amsfonts/cm/cmbx12.pfb><e:/MiKTeX 2.9/fonts/type1/public/amsfonts
/cm/cmr10.pfb><e:/MiKTeX 2.9/fonts/type1/public/amsfonts/cm/cmr12.pfb><e:/MiKTe
X 2.9/fonts/type1/public/amsfonts/cm/cmsy10.pfb><e:/MiKTeX 2.9/fonts/type1/publ
ic/amsfonts/cm/cmtt12.pfb>
Output written on Iteration_2.pdf (23 pages, 610302 bytes).
PDF statistics:
 354 PDF objects out of 1000 (max. 8388607)
 68 named destinations out of 1000 (max. 500000)
 293 words of extra memory for PDF output out of 10000 (max. 10000000)

